--------------------
※ Suite -「google」
--------------------
set activeMutant=off & set clearResult=off & set report=google & protractor google.conf.js --suite google

(::) failed steps (::)
AssertionError: title is empty: expected '' not to be empty


Failing scenarios:
C:\WWW\automation_google\cucumber\google\google.feature:51 # Scenario: 搜尋 "yahoo", 且選擇限縮地區為 "國家/地區：台灣", 呈現的第一筆資料 title 必須要有 "Yahoo奇摩"


8 scenarios (1 failed, 7 passed)
28 steps (1 failed, 27 passed)
Finished in 24 seconds


----------------------
※ Suite -「googleNG」
----------------------
set activeMutant=off & set clearResult=off & set report=googleNG & protractor google.conf.js --suite googleNG

5 scenarios (5 passed)
15 steps (15 passed)
Finished in 14 seconds


-----------------------------------
13 scenarios (1 failed, 12 passed)
43 steps (1 failed, 42 passed)
56 assertions (1 failed, 55 passed)

Total tests finished in 39 seconds
-----------------------------------
